running egg_info
creating ../../build/autodrive_roboracer/autodrive_roboracer.egg-info
writing ../../build/autodrive_roboracer/autodrive_roboracer.egg-info/PKG-INFO
writing dependency_links to ../../build/autodrive_roboracer/autodrive_roboracer.egg-info/dependency_links.txt
writing entry points to ../../build/autodrive_roboracer/autodrive_roboracer.egg-info/entry_points.txt
writing requirements to ../../build/autodrive_roboracer/autodrive_roboracer.egg-info/requires.txt
writing top-level names to ../../build/autodrive_roboracer/autodrive_roboracer.egg-info/top_level.txt
writing manifest file '../../build/autodrive_roboracer/autodrive_roboracer.egg-info/SOURCES.txt'
reading manifest file '../../build/autodrive_roboracer/autodrive_roboracer.egg-info/SOURCES.txt'
writing manifest file '../../build/autodrive_roboracer/autodrive_roboracer.egg-info/SOURCES.txt'
running build
running build_py
creating /home/autodrive_devkit/build/autodrive_roboracer/build
creating /home/autodrive_devkit/build/autodrive_roboracer/build/lib
creating /home/autodrive_devkit/build/autodrive_roboracer/build/lib/autodrive_roboracer
copying autodrive_roboracer/autodrive_bridge.py -> /home/autodrive_devkit/build/autodrive_roboracer/build/lib/autodrive_roboracer
copying autodrive_roboracer/__init__.py -> /home/autodrive_devkit/build/autodrive_roboracer/build/lib/autodrive_roboracer
copying autodrive_roboracer/teleop_keyboard.py -> /home/autodrive_devkit/build/autodrive_roboracer/build/lib/autodrive_roboracer
copying autodrive_roboracer/config.py -> /home/autodrive_devkit/build/autodrive_roboracer/build/lib/autodrive_roboracer
running install
running install_lib
creating /home/autodrive_devkit/install/autodrive_roboracer/lib/python3.10/site-packages/autodrive_roboracer
copying /home/autodrive_devkit/build/autodrive_roboracer/build/lib/autodrive_roboracer/autodrive_bridge.py -> /home/autodrive_devkit/install/autodrive_roboracer/lib/python3.10/site-packages/autodrive_roboracer
copying /home/autodrive_devkit/build/autodrive_roboracer/build/lib/autodrive_roboracer/__init__.py -> /home/autodrive_devkit/install/autodrive_roboracer/lib/python3.10/site-packages/autodrive_roboracer
copying /home/autodrive_devkit/build/autodrive_roboracer/build/lib/autodrive_roboracer/teleop_keyboard.py -> /home/autodrive_devkit/install/autodrive_roboracer/lib/python3.10/site-packages/autodrive_roboracer
copying /home/autodrive_devkit/build/autodrive_roboracer/build/lib/autodrive_roboracer/config.py -> /home/autodrive_devkit/install/autodrive_roboracer/lib/python3.10/site-packages/autodrive_roboracer
byte-compiling /home/autodrive_devkit/install/autodrive_roboracer/lib/python3.10/site-packages/autodrive_roboracer/autodrive_bridge.py to autodrive_bridge.cpython-310.pyc
byte-compiling /home/autodrive_devkit/install/autodrive_roboracer/lib/python3.10/site-packages/autodrive_roboracer/__init__.py to __init__.cpython-310.pyc
byte-compiling /home/autodrive_devkit/install/autodrive_roboracer/lib/python3.10/site-packages/autodrive_roboracer/teleop_keyboard.py to teleop_keyboard.cpython-310.pyc
byte-compiling /home/autodrive_devkit/install/autodrive_roboracer/lib/python3.10/site-packages/autodrive_roboracer/config.py to config.cpython-310.pyc
running install_data
creating /home/autodrive_devkit/install/autodrive_roboracer/share/ament_index
creating /home/autodrive_devkit/install/autodrive_roboracer/share/ament_index/resource_index
creating /home/autodrive_devkit/install/autodrive_roboracer/share/ament_index/resource_index/packages
copying resource/autodrive_roboracer -> /home/autodrive_devkit/install/autodrive_roboracer/share/ament_index/resource_index/packages
copying package.xml -> /home/autodrive_devkit/install/autodrive_roboracer/share/autodrive_roboracer
creating /home/autodrive_devkit/install/autodrive_roboracer/share/autodrive_roboracer/launch
copying launch/bringup_graphics.launch.py -> /home/autodrive_devkit/install/autodrive_roboracer/share/autodrive_roboracer/launch
copying launch/bringup_headless.launch.py -> /home/autodrive_devkit/install/autodrive_roboracer/share/autodrive_roboracer/launch
creating /home/autodrive_devkit/install/autodrive_roboracer/share/autodrive_roboracer/rviz
copying rviz/autodrive_roboracer.rviz -> /home/autodrive_devkit/install/autodrive_roboracer/share/autodrive_roboracer/rviz
running install_egg_info
Copying ../../build/autodrive_roboracer/autodrive_roboracer.egg-info to /home/autodrive_devkit/install/autodrive_roboracer/lib/python3.10/site-packages/autodrive_roboracer-0.1.0-py3.10.egg-info
running install_scripts
Installing autodrive_bridge script to /home/autodrive_devkit/install/autodrive_roboracer/lib/autodrive_roboracer
Installing teleop_keyboard script to /home/autodrive_devkit/install/autodrive_roboracer/lib/autodrive_roboracer
writing list of installed files to '/home/autodrive_devkit/build/autodrive_roboracer/install.log'
