/home/autodrive_devkit/install/autodrive_roboracer/lib/python3.10/site-packages/autodrive_roboracer/autodrive_bridge.py
/home/autodrive_devkit/install/autodrive_roboracer/lib/python3.10/site-packages/autodrive_roboracer/__init__.py
/home/autodrive_devkit/install/autodrive_roboracer/lib/python3.10/site-packages/autodrive_roboracer/teleop_keyboard.py
/home/autodrive_devkit/install/autodrive_roboracer/lib/python3.10/site-packages/autodrive_roboracer/config.py
/home/autodrive_devkit/install/autodrive_roboracer/lib/python3.10/site-packages/autodrive_roboracer/__pycache__/autodrive_bridge.cpython-310.pyc
/home/autodrive_devkit/install/autodrive_roboracer/lib/python3.10/site-packages/autodrive_roboracer/__pycache__/__init__.cpython-310.pyc
/home/autodrive_devkit/install/autodrive_roboracer/lib/python3.10/site-packages/autodrive_roboracer/__pycache__/teleop_keyboard.cpython-310.pyc
/home/autodrive_devkit/install/autodrive_roboracer/lib/python3.10/site-packages/autodrive_roboracer/__pycache__/config.cpython-310.pyc
/home/autodrive_devkit/install/autodrive_roboracer/share/ament_index/resource_index/packages/autodrive_roboracer
/home/autodrive_devkit/install/autodrive_roboracer/share/autodrive_roboracer/package.xml
/home/autodrive_devkit/install/autodrive_roboracer/share/autodrive_roboracer/launch/bringup_graphics.launch.py
/home/autodrive_devkit/install/autodrive_roboracer/share/autodrive_roboracer/launch/bringup_headless.launch.py
/home/autodrive_devkit/install/autodrive_roboracer/share/autodrive_roboracer/rviz/autodrive_roboracer.rviz
/home/autodrive_devkit/install/autodrive_roboracer/lib/python3.10/site-packages/autodrive_roboracer-0.1.0-py3.10.egg-info/SOURCES.txt
/home/autodrive_devkit/install/autodrive_roboracer/lib/python3.10/site-packages/autodrive_roboracer-0.1.0-py3.10.egg-info/dependency_links.txt
/home/autodrive_devkit/install/autodrive_roboracer/lib/python3.10/site-packages/autodrive_roboracer-0.1.0-py3.10.egg-info/entry_points.txt
/home/autodrive_devkit/install/autodrive_roboracer/lib/python3.10/site-packages/autodrive_roboracer-0.1.0-py3.10.egg-info/top_level.txt
/home/autodrive_devkit/install/autodrive_roboracer/lib/python3.10/site-packages/autodrive_roboracer-0.1.0-py3.10.egg-info/zip-safe
/home/autodrive_devkit/install/autodrive_roboracer/lib/python3.10/site-packages/autodrive_roboracer-0.1.0-py3.10.egg-info/requires.txt
/home/autodrive_devkit/install/autodrive_roboracer/lib/python3.10/site-packages/autodrive_roboracer-0.1.0-py3.10.egg-info/PKG-INFO
/home/autodrive_devkit/install/autodrive_roboracer/lib/autodrive_roboracer/autodrive_bridge
/home/autodrive_devkit/install/autodrive_roboracer/lib/autodrive_roboracer/teleop_keyboard
